This is pdfTeX, Version 3.14159265-2.6-1.40.16 (TeX Live 2015) (preloaded format=pdflatex 2015.8.5)  3 SEP 2015 18:47
entering extended mode
 restricted \write18 enabled.
 %&-line parsing enabled.
**CHXNote090215.tex
(./CHXNote090215.tex
LaTeX2e <2015/01/01> patch level 2
Babel <3.9m> and hyphenation patterns for 79 languages loaded.
(/usr/local/texlive/2015/texmf-dist/tex/latex/base/article.cls
Document Class: article 2014/09/29 v1.4h Standard LaTeX document class
(/usr/local/texlive/2015/texmf-dist/tex/latex/base/size10.clo
File: size10.clo 2014/09/29 v1.4h Standard LaTeX file (size option)
)
\c@part=\count79
\c@section=\count80
\c@subsection=\count81
\c@subsubsection=\count82
\c@paragraph=\count83
\c@subparagraph=\count84
\c@figure=\count85
\c@table=\count86
\abovecaptionskip=\skip41
\belowcaptionskip=\skip42
\bibindent=\dimen102
)
(/usr/local/texlive/2015/texmf-dist/tex/latex/graphics/graphicx.sty
Package: graphicx 2014/10/28 v1.0g Enhanced LaTeX Graphics (DPC,SPQR)

(/usr/local/texlive/2015/texmf-dist/tex/latex/graphics/keyval.sty
Package: keyval 2014/10/28 v1.15 key=value parser (DPC)
\KV@toks@=\toks14
)
(/usr/local/texlive/2015/texmf-dist/tex/latex/graphics/graphics.sty
Package: graphics 2014/10/28 v1.0p Standard LaTeX Graphics (DPC,SPQR)

(/usr/local/texlive/2015/texmf-dist/tex/latex/graphics/trig.sty
Package: trig 1999/03/16 v1.09 sin cos tan (DPC)
)
(/usr/local/texlive/2015/texmf-dist/tex/latex/latexconfig/graphics.cfg
File: graphics.cfg 2010/04/23 v1.9 graphics configuration of TeX Live
)
Package graphics Info: Driver file: pdftex.def on input line 94.

(/usr/local/texlive/2015/texmf-dist/tex/latex/pdftex-def/pdftex.def
File: pdftex.def 2011/05/27 v0.06d Graphics/color for pdfTeX

(/usr/local/texlive/2015/texmf-dist/tex/generic/oberdiek/infwarerr.sty
Package: infwarerr 2010/04/08 v1.3 Providing info/warning/error messages (HO)
)
(/usr/local/texlive/2015/texmf-dist/tex/generic/oberdiek/ltxcmds.sty
Package: ltxcmds 2011/11/09 v1.22 LaTeX kernel commands for general use (HO)
)
\Gread@gobject=\count87
))
\Gin@req@height=\dimen103
\Gin@req@width=\dimen104
)
(/usr/local/texlive/2015/texmf-dist/tex/latex/float/float.sty
Package: float 2001/11/08 v1.3d Float enhancements (AL)
\c@float@type=\count88
\float@exts=\toks15
\float@box=\box26
\@float@everytoks=\toks16
\@floatcapt=\box27
)
(./CHXNote090215.aux)
\openout1 = `CHXNote090215.aux'.

LaTeX Font Info:    Checking defaults for OML/cmm/m/it on input line 4.
LaTeX Font Info:    ... okay on input line 4.
LaTeX Font Info:    Checking defaults for T1/cmr/m/n on input line 4.
LaTeX Font Info:    ... okay on input line 4.
LaTeX Font Info:    Checking defaults for OT1/cmr/m/n on input line 4.
LaTeX Font Info:    ... okay on input line 4.
LaTeX Font Info:    Checking defaults for OMS/cmsy/m/n on input line 4.
LaTeX Font Info:    ... okay on input line 4.
LaTeX Font Info:    Checking defaults for OMX/cmex/m/n on input line 4.
LaTeX Font Info:    ... okay on input line 4.
LaTeX Font Info:    Checking defaults for U/cmr/m/n on input line 4.
LaTeX Font Info:    ... okay on input line 4.

(/usr/local/texlive/2015/texmf-dist/tex/context/base/supp-pdf.mkii
[Loading MPS to PDF converter (version 2006.09.02).]
\scratchcounter=\count89
\scratchdimen=\dimen105
\scratchbox=\box28
\nofMPsegments=\count90
\nofMParguments=\count91
\everyMPshowfont=\toks17
\MPscratchCnt=\count92
\MPscratchDim=\dimen106
\MPnumerator=\count93
\makeMPintoPDFobject=\count94
\everyMPtoPDFconversion=\toks18
) (/usr/local/texlive/2015/texmf-dist/tex/generic/oberdiek/pdftexcmds.sty
Package: pdftexcmds 2011/11/29 v0.20 Utility functions of pdfTeX for LuaTeX (HO
)

(/usr/local/texlive/2015/texmf-dist/tex/generic/oberdiek/ifluatex.sty
Package: ifluatex 2010/03/01 v1.3 Provides the ifluatex switch (HO)
Package ifluatex Info: LuaTeX not detected.
)
(/usr/local/texlive/2015/texmf-dist/tex/generic/oberdiek/ifpdf.sty
Package: ifpdf 2011/01/30 v2.3 Provides the ifpdf switch (HO)
Package ifpdf Info: pdfTeX in PDF mode is detected.
)
Package pdftexcmds Info: LuaTeX not detected.
Package pdftexcmds Info: \pdf@primitive is available.
Package pdftexcmds Info: \pdf@ifprimitive is available.
Package pdftexcmds Info: \pdfdraftmode found.
)
(/usr/local/texlive/2015/texmf-dist/tex/latex/oberdiek/epstopdf-base.sty
Package: epstopdf-base 2010/02/09 v2.5 Base part for package epstopdf

(/usr/local/texlive/2015/texmf-dist/tex/latex/oberdiek/grfext.sty
Package: grfext 2010/08/19 v1.1 Manage graphics extensions (HO)

(/usr/local/texlive/2015/texmf-dist/tex/generic/oberdiek/kvdefinekeys.sty
Package: kvdefinekeys 2011/04/07 v1.3 Define keys (HO)
))
(/usr/local/texlive/2015/texmf-dist/tex/latex/oberdiek/kvoptions.sty
Package: kvoptions 2011/06/30 v3.11 Key value format for package options (HO)

(/usr/local/texlive/2015/texmf-dist/tex/generic/oberdiek/kvsetkeys.sty
Package: kvsetkeys 2012/04/25 v1.16 Key value parser (HO)

(/usr/local/texlive/2015/texmf-dist/tex/generic/oberdiek/etexcmds.sty
Package: etexcmds 2011/02/16 v1.5 Avoid name clashes with e-TeX commands (HO)
Package etexcmds Info: Could not find \expanded.
(etexcmds)             That can mean that you are not using pdfTeX 1.50 or
(etexcmds)             that some package has redefined \expanded.
(etexcmds)             In the latter case, load this package earlier.
)))
Package grfext Info: Graphics extension search list:
(grfext)             [.png,.pdf,.jpg,.mps,.jpeg,.jbig2,.jb2,.PNG,.PDF,.JPG,.JPE
G,.JBIG2,.JB2,.eps]
(grfext)             \AppendGraphicsExtensions on input line 452.

(/usr/local/texlive/2015/texmf-dist/tex/latex/latexconfig/epstopdf-sys.cfg
File: epstopdf-sys.cfg 2010/07/13 v1.3 Configuration of (r)epstopdf for TeX Liv
e
))
LaTeX Font Info:    External font `cmex10' loaded for size
(Font)              <12> on input line 8.
LaTeX Font Info:    External font `cmex10' loaded for size
(Font)              <8> on input line 8.
LaTeX Font Info:    External font `cmex10' loaded for size
(Font)              <6> on input line 8.


LaTeX Warning: No \author given.


Underfull \hbox (badness 10000) in paragraph at lines 13--14

 []

<./../output/perDayScatterDollarLogExch.png, id=1, 753.31438pt x 445.16313pt>
File: ./../output/perDayScatterDollarLogExch.png Graphic file (type png)

<use ./../output/perDayScatterDollarLogExch.png>
Package pdftex.def Info: ./../output/perDayScatterDollarLogExch.png used on inp
ut line 17.
(pdftex.def)             Requested size: 341.43306pt x 201.7616pt.

Underfull \hbox (badness 10000) in paragraph at lines 21--22

 []

[1

{/usr/local/texlive/2015/texmf-var/fonts/map/pdftex/updmap/pdftex.map} <./../ou
tput/perDayScatterDollarLogExch.png>]
LaTeX Font Info:    External font `cmex10' loaded for size
(Font)              <7> on input line 23.
LaTeX Font Info:    External font `cmex10' loaded for size
(Font)              <5> on input line 23.

Underfull \hbox (badness 10000) in paragraph at lines 23--41

 []


Underfull \hbox (badness 10000) in paragraph at lines 42--43

 []


Overfull \hbox (42.3114pt too wide) in paragraph at lines 46--46
[][]\OT1/cmr/m/n/8 https://www.nasdaqtrader.com/content/technicalsupport/specif
ications/utp/611BTrade[]Matrix.pdf| 
 []


Underfull \hbox (badness 10000) in paragraph at lines 46--46
[][]\OT1/cmr/m/n/8 http://www.finra.org/industry/trf/trade-report-modifiers-and
-applicability-limit-
 []


Underfull \hbox (badness 10000) in paragraph at lines 45--47

 []


Overfull \hbox (31.10403pt too wide) in paragraph at lines 48--48
[][]\OT1/cmr/m/n/8 http://www.nasdaqtrader.com/content/technicalsupport/specifi
cations/utp/utdfspecification.pdf| 
 []


Underfull \hbox (badness 10000) in paragraph at lines 48--48
[][]\OT1/cmr/m/n/8 http://www.finra.org/industry/trf/trade-report-modifiers-and
-applicability-limit-
 []


Underfull \hbox (badness 10000) in paragraph at lines 48--49

 []


Underfull \hbox (badness 10000) in paragraph at lines 50--51

 []

[2] <./../output/volumeByCondCHX.png, id=17, 867.24pt x 722.7pt>
File: ./../output/volumeByCondCHX.png Graphic file (type png)

<use ./../output/volumeByCondCHX.png>
Package pdftex.def Info: ./../output/volumeByCondCHX.png used on input line 55.

(pdftex.def)             Requested size: 341.43306pt x 284.53154pt.

<./../output/Rplots/dailyVolumeChxCond4.png, id=18, 804.00375pt x 502.87875pt>
File: ./../output/Rplots/dailyVolumeChxCond4.png Graphic file (type png)

<use ./../output/Rplots/dailyVolumeChxCond4.png>
Package pdftex.def Info: ./../output/Rplots/dailyVolumeChxCond4.png used on inp
ut line 65.
(pdftex.def)             Requested size: 341.43306pt x 213.55566pt.
 [3 <./../output/volumeByCondCHX.png>]
<./../output/Rplots/intradayVolumeChxCond4.png, id=24, 808.01875pt x 509.905pt>
File: ./../output/Rplots/intradayVolumeChxCond4.png Graphic file (type png)
<use ./../output/Rplots/intradayVolumeChxCond4.png>
Package pdftex.def Info: ./../output/Rplots/intradayVolumeChxCond4.png used on 
input line 73.
(pdftex.def)             Requested size: 341.43306pt x 215.46576pt.

<./../output/Rplots/intradayVolumeChxCond4AM.png, id=25, 808.01875pt x 509.905p
t>
File: ./../output/Rplots/intradayVolumeChxCond4AM.png Graphic file (type png)
 <use ./../output/Rplots/intradayVolumeChxCond4AM.png>
Package pdftex.def Info: ./../output/Rplots/intradayVolumeChxCond4AM.png used o
n input line 79.
(pdftex.def)             Requested size: 341.43306pt x 215.46576pt.
 [4 <./../output/Rplots/dailyVolumeChxCond4.png> <./../output/Rplots/intradayVo
lumeChxCond4.png>]
Underfull \hbox (badness 10000) in paragraph at lines 85--86

 []

<./../output/volumeByCond.png, id=31, 867.24pt x 722.7pt>
File: ./../output/volumeByCond.png Graphic file (type png)

<use ./../output/volumeByCond.png>
Package pdftex.def Info: ./../output/volumeByCond.png used on input line 89.
(pdftex.def)             Requested size: 341.43306pt x 284.53154pt.
 [5 <./../output/Rplots/intradayVolumeChxCond4AM.png>]
Underfull \hbox (badness 10000) in paragraph at lines 95--96

 []

[6 <./../output/volumeByCond.png>] (./CHXNote090215.aux) ) 
Here is how much of TeX's memory you used:
 1580 strings out of 493091
 23487 string characters out of 6134965
 88599 words of memory out of 5000000
 5065 multiletter control sequences out of 15000+600000
 7587 words of font info for 27 fonts, out of 8000000 for 9000
 1141 hyphenation exceptions out of 8191
 37i,8n,23p,658b,222s stack positions out of 5000i,500n,10000p,200000b,80000s
</usr/local/texlive/2
015/texmf-dist/fonts/type1/public/amsfonts/cm/cmbx12.pfb></usr/local/texlive/20
15/texmf-dist/fonts/type1/public/amsfonts/cm/cmr10.pfb></usr/local/texlive/2015
/texmf-dist/fonts/type1/public/amsfonts/cm/cmr12.pfb></usr/local/texlive/2015/t
exmf-dist/fonts/type1/public/amsfonts/cm/cmr17.pfb></usr/local/texlive/2015/tex
mf-dist/fonts/type1/public/amsfonts/cm/cmr6.pfb></usr/local/texlive/2015/texmf-
dist/fonts/type1/public/amsfonts/cm/cmr7.pfb></usr/local/texlive/2015/texmf-dis
t/fonts/type1/public/amsfonts/cm/cmr8.pfb>
Output written on CHXNote090215.pdf (6 pages, 355407 bytes).
PDF statistics:
 63 PDF objects out of 1000 (max. 8388607)
 36 compressed objects within 1 object stream
 0 named destinations out of 1000 (max. 500000)
 31 words of extra memory for PDF output out of 10000 (max. 10000000)

