This is pdfTeX, Version 3.14159265-2.6-1.40.16 (TeX Live 2015) (preloaded format=pdflatex 2015.8.5)  9 SEP 2015 10:04
entering extended mode
 restricted \write18 enabled.
 %&-line parsing enabled.
**depthVolume090215.tex
(./depthVolume090215.tex
LaTeX2e <2015/01/01> patch level 2
Babel <3.9m> and hyphenation patterns for 79 languages loaded.
(/usr/local/texlive/2015/texmf-dist/tex/latex/base/article.cls
Document Class: article 2014/09/29 v1.4h Standard LaTeX document class
(/usr/local/texlive/2015/texmf-dist/tex/latex/base/size10.clo
File: size10.clo 2014/09/29 v1.4h Standard LaTeX file (size option)
)
\c@part=\count79
\c@section=\count80
\c@subsection=\count81
\c@subsubsection=\count82
\c@paragraph=\count83
\c@subparagraph=\count84
\c@figure=\count85
\c@table=\count86
\abovecaptionskip=\skip41
\belowcaptionskip=\skip42
\bibindent=\dimen102
)
(/usr/local/texlive/2015/texmf-dist/tex/latex/graphics/graphicx.sty
Package: graphicx 2014/10/28 v1.0g Enhanced LaTeX Graphics (DPC,SPQR)

(/usr/local/texlive/2015/texmf-dist/tex/latex/graphics/keyval.sty
Package: keyval 2014/10/28 v1.15 key=value parser (DPC)
\KV@toks@=\toks14
)
(/usr/local/texlive/2015/texmf-dist/tex/latex/graphics/graphics.sty
Package: graphics 2014/10/28 v1.0p Standard LaTeX Graphics (DPC,SPQR)

(/usr/local/texlive/2015/texmf-dist/tex/latex/graphics/trig.sty
Package: trig 1999/03/16 v1.09 sin cos tan (DPC)
)
(/usr/local/texlive/2015/texmf-dist/tex/latex/latexconfig/graphics.cfg
File: graphics.cfg 2010/04/23 v1.9 graphics configuration of TeX Live
)
Package graphics Info: Driver file: pdftex.def on input line 94.

(/usr/local/texlive/2015/texmf-dist/tex/latex/pdftex-def/pdftex.def
File: pdftex.def 2011/05/27 v0.06d Graphics/color for pdfTeX

(/usr/local/texlive/2015/texmf-dist/tex/generic/oberdiek/infwarerr.sty
Package: infwarerr 2010/04/08 v1.3 Providing info/warning/error messages (HO)
)
(/usr/local/texlive/2015/texmf-dist/tex/generic/oberdiek/ltxcmds.sty
Package: ltxcmds 2011/11/09 v1.22 LaTeX kernel commands for general use (HO)
)
\Gread@gobject=\count87
))
\Gin@req@height=\dimen103
\Gin@req@width=\dimen104
)
(/usr/local/texlive/2015/texmf-dist/tex/latex/float/float.sty
Package: float 2001/11/08 v1.3d Float enhancements (AL)
\c@float@type=\count88
\float@exts=\toks15
\float@box=\box26
\@float@everytoks=\toks16
\@floatcapt=\box27
)
(./depthVolume090215.aux)
\openout1 = `depthVolume090215.aux'.

LaTeX Font Info:    Checking defaults for OML/cmm/m/it on input line 4.
LaTeX Font Info:    ... okay on input line 4.
LaTeX Font Info:    Checking defaults for T1/cmr/m/n on input line 4.
LaTeX Font Info:    ... okay on input line 4.
LaTeX Font Info:    Checking defaults for OT1/cmr/m/n on input line 4.
LaTeX Font Info:    ... okay on input line 4.
LaTeX Font Info:    Checking defaults for OMS/cmsy/m/n on input line 4.
LaTeX Font Info:    ... okay on input line 4.
LaTeX Font Info:    Checking defaults for OMX/cmex/m/n on input line 4.
LaTeX Font Info:    ... okay on input line 4.
LaTeX Font Info:    Checking defaults for U/cmr/m/n on input line 4.
LaTeX Font Info:    ... okay on input line 4.

(/usr/local/texlive/2015/texmf-dist/tex/context/base/supp-pdf.mkii
[Loading MPS to PDF converter (version 2006.09.02).]
\scratchcounter=\count89
\scratchdimen=\dimen105
\scratchbox=\box28
\nofMPsegments=\count90
\nofMParguments=\count91
\everyMPshowfont=\toks17
\MPscratchCnt=\count92
\MPscratchDim=\dimen106
\MPnumerator=\count93
\makeMPintoPDFobject=\count94
\everyMPtoPDFconversion=\toks18
) (/usr/local/texlive/2015/texmf-dist/tex/generic/oberdiek/pdftexcmds.sty
Package: pdftexcmds 2011/11/29 v0.20 Utility functions of pdfTeX for LuaTeX (HO
)

(/usr/local/texlive/2015/texmf-dist/tex/generic/oberdiek/ifluatex.sty
Package: ifluatex 2010/03/01 v1.3 Provides the ifluatex switch (HO)
Package ifluatex Info: LuaTeX not detected.
)
(/usr/local/texlive/2015/texmf-dist/tex/generic/oberdiek/ifpdf.sty
Package: ifpdf 2011/01/30 v2.3 Provides the ifpdf switch (HO)
Package ifpdf Info: pdfTeX in PDF mode is detected.
)
Package pdftexcmds Info: LuaTeX not detected.
Package pdftexcmds Info: \pdf@primitive is available.
Package pdftexcmds Info: \pdf@ifprimitive is available.
Package pdftexcmds Info: \pdfdraftmode found.
)
(/usr/local/texlive/2015/texmf-dist/tex/latex/oberdiek/epstopdf-base.sty
Package: epstopdf-base 2010/02/09 v2.5 Base part for package epstopdf

(/usr/local/texlive/2015/texmf-dist/tex/latex/oberdiek/grfext.sty
Package: grfext 2010/08/19 v1.1 Manage graphics extensions (HO)

(/usr/local/texlive/2015/texmf-dist/tex/generic/oberdiek/kvdefinekeys.sty
Package: kvdefinekeys 2011/04/07 v1.3 Define keys (HO)
))
(/usr/local/texlive/2015/texmf-dist/tex/latex/oberdiek/kvoptions.sty
Package: kvoptions 2011/06/30 v3.11 Key value format for package options (HO)

(/usr/local/texlive/2015/texmf-dist/tex/generic/oberdiek/kvsetkeys.sty
Package: kvsetkeys 2012/04/25 v1.16 Key value parser (HO)

(/usr/local/texlive/2015/texmf-dist/tex/generic/oberdiek/etexcmds.sty
Package: etexcmds 2011/02/16 v1.5 Avoid name clashes with e-TeX commands (HO)
Package etexcmds Info: Could not find \expanded.
(etexcmds)             That can mean that you are not using pdfTeX 1.50 or
(etexcmds)             that some package has redefined \expanded.
(etexcmds)             In the latter case, load this package earlier.
)))
Package grfext Info: Graphics extension search list:
(grfext)             [.png,.pdf,.jpg,.mps,.jpeg,.jbig2,.jb2,.PNG,.PDF,.JPG,.JPE
G,.JBIG2,.JB2,.eps]
(grfext)             \AppendGraphicsExtensions on input line 452.

(/usr/local/texlive/2015/texmf-dist/tex/latex/latexconfig/epstopdf-sys.cfg
File: epstopdf-sys.cfg 2010/07/13 v1.3 Configuration of (r)epstopdf for TeX Liv
e
))
LaTeX Font Info:    External font `cmex10' loaded for size
(Font)              <12> on input line 8.
LaTeX Font Info:    External font `cmex10' loaded for size
(Font)              <8> on input line 8.
LaTeX Font Info:    External font `cmex10' loaded for size
(Font)              <6> on input line 8.


LaTeX Warning: No \author given.

LaTeX Font Info:    External font `cmex10' loaded for size
(Font)              <7> on input line 12.
LaTeX Font Info:    External font `cmex10' loaded for size
(Font)              <5> on input line 12.

Underfull \hbox (badness 10000) in paragraph at lines 12--13

 []


Underfull \hbox (badness 10000) in paragraph at lines 14--15

 []


Underfull \hbox (badness 10000) in paragraph at lines 17--19

 []

[1

{/usr/local/texlive/2015/texmf-var/fonts/map/pdftex/updmap/pdftex.map}]
[2]
Underfull \hbox (badness 10000) in paragraph at lines 93--95

 []

[3]
Underfull \hbox (badness 10000) in paragraph at lines 147--148

 []

[4]
Underfull \hbox (badness 10000) in paragraph at lines 154--155

 []


Underfull \hbox (badness 10000) in paragraph at lines 155--156

 []


Underfull \hbox (badness 10000) in paragraph at lines 158--159

 []


Underfull \hbox (badness 10000) in paragraph at lines 159--160

 []


Underfull \hbox (badness 10000) in paragraph at lines 162--163

 []


Underfull \hbox (badness 10000) in paragraph at lines 163--165

 []


Underfull \hbox (badness 10000) in paragraph at lines 170--171

 []


Underfull \hbox (badness 10000) in paragraph at lines 172--173

 []

[5]
<./../output/trends/TimeChartDollarShot.png, id=31, 907.89188pt x 379.91937pt>
File: ./../output/trends/TimeChartDollarShot.png Graphic file (type png)

<use ./../output/trends/TimeChartDollarShot.png>
Package pdftex.def Info: ./../output/trends/TimeChartDollarShot.png used on inp
ut line 176.
(pdftex.def)             Requested size: 341.43306pt x 142.8752pt.

Underfull \hbox (badness 10000) in paragraph at lines 180--181

 []


Underfull \hbox (badness 10000) in paragraph at lines 182--183

 []


Underfull \hbox (badness 10000) in paragraph at lines 184--185

 []


Underfull \hbox (badness 10000) in paragraph at lines 185--186

 []

LaTeX Font Info:    Try loading font information for OMS+cmr on input line 189.

(/usr/local/texlive/2015/texmf-dist/tex/latex/base/omscmr.fd
File: omscmr.fd 2014/09/29 v2.5h Standard LaTeX font definitions
)
LaTeX Font Info:    Font shape `OMS/cmr/m/n' in size <10> not available
(Font)              Font shape `OMS/cmsy/m/n' tried instead on input line 189.

Overfull \hbox (79.96385pt too wide) in paragraph at lines 199--199
[][] \OT1/cmr/m/n/8 /Project - Plat-form Com-pe-ti-tion/Code/DepthVolume/output
/frames/unfiltered/Avg/allDepthVolume[][][].html 
 []


Overfull \hbox (62.53859pt too wide) in paragraph at lines 199--199
\OT1/cmr/m/n/8 /Project - Plat-form Com-pe-ti-tion/Code/DepthVolume/output/fram
es/unfiltered/Min/allDepthVolume[][][].html 
 []


Overfull \hbox (53.33012pt too wide) in paragraph at lines 199--199
\OT1/cmr/m/n/8 /Project - Plat-form Com-pe-ti-tion/Code/DepthVolume/output/fram
es/filtered/Avg/allDepthVolume[][][].html 
 []


Overfull \hbox (53.09401pt too wide) in paragraph at lines 199--199
\OT1/cmr/m/n/8 /Project - Plat-form Com-pe-ti-tion/Code/DepthVolume/output/fram
es/filtered/Min/allDepthVolume[][][].html| 
 []


<./../output/frames/unfiltered/Min/BetaHistograms.png, id=32, 3613.5pt x 3011.2
5pt>
File: ./../output/frames/unfiltered/Min/BetaHistograms.png Graphic file (type p
ng)
 <use ./../output/frames/unfiltered/Min/BetaHistograms.png>
Package pdftex.def Info: ./../output/frames/unfiltered/Min/BetaHistograms.png u
sed on input line 205.
(pdftex.def)             Requested size: 341.43306pt x 284.50949pt.

<./../output/frames/unfiltered/Min/BetaLines.png, id=34, 3613.5pt x 3011.25pt>
File: ./../output/frames/unfiltered/Min/BetaLines.png Graphic file (type png)

<use ./../output/frames/unfiltered/Min/BetaLines.png>
Package pdftex.def Info: ./../output/frames/unfiltered/Min/BetaLines.png used o
n input line 206.
(pdftex.def)             Requested size: 341.43306pt x 284.50949pt.

<./../output/frames/filtered/Min/BetaHistograms.png, id=35, 3613.5pt x 3011.25p
t>
File: ./../output/frames/filtered/Min/BetaHistograms.png Graphic file (type png
)
 <use ./../output/frames/filtered/Min/BetaHistograms.png>
Package pdftex.def Info: ./../output/frames/filtered/Min/BetaHistograms.png use
d on input line 211.
(pdftex.def)             Requested size: 341.43306pt x 284.50949pt.

<./../output/frames/filtered/Min/BetaLines.png, id=36, 3613.5pt x 3011.25pt>
File: ./../output/frames/filtered/Min/BetaLines.png Graphic file (type png)

<use ./../output/frames/filtered/Min/BetaLines.png>
Package pdftex.def Info: ./../output/frames/filtered/Min/BetaLines.png used on 
input line 212.
(pdftex.def)             Requested size: 341.43306pt x 284.50949pt.
 [6 <./../output/trends/TimeChartDollarShot.png>]
Overfull \vbox (73.75505pt too high) has occurred while \output is active []


[7 <./../output/frames/unfiltered/Min/BetaHistograms.png> <./../output/frames/u
nfiltered/Min/BetaLines.png>]
<./../output/frames/unfiltered/Min/AlphaHistograms.png, id=46, 3613.5pt x 3011.
25pt>
File: ./../output/frames/unfiltered/Min/AlphaHistograms.png Graphic file (type 
png)
 <use ./../output/frames/unfiltered/Min/AlphaHistograms.png>
Package pdftex.def Info: ./../output/frames/unfiltered/Min/AlphaHistograms.png 
used on input line 217.
(pdftex.def)             Requested size: 341.43306pt x 284.50949pt.

<./../output/frames/unfiltered/Min/AlphaLines.png, id=47, 3613.5pt x 3011.25pt>
File: ./../output/frames/unfiltered/Min/AlphaLines.png Graphic file (type png)
<use ./../output/frames/unfiltered/Min/AlphaLines.png>
Package pdftex.def Info: ./../output/frames/unfiltered/Min/AlphaLines.png used 
on input line 218.
(pdftex.def)             Requested size: 341.43306pt x 284.50949pt.

Overfull \vbox (56.51898pt too high) has occurred while \output is active []


[8 <./../output/frames/filtered/Min/BetaHistograms.png> <./../output/frames/fil
tered/Min/BetaLines.png>]
<./../output/frames/filtered/Min/AlphaHistograms.png, id=53, 3613.5pt x 3011.25
pt>
File: ./../output/frames/filtered/Min/AlphaHistograms.png Graphic file (type pn
g)
 <use ./../output/frames/filtered/Min/AlphaHistograms.png>
Package pdftex.def Info: ./../output/frames/filtered/Min/AlphaHistograms.png us
ed on input line 223.
(pdftex.def)             Requested size: 341.43306pt x 284.50949pt.

<./../output/frames/filtered/Min/AlphaLines.png, id=54, 3613.5pt x 3011.25pt>
File: ./../output/frames/filtered/Min/AlphaLines.png Graphic file (type png)

<use ./../output/frames/filtered/Min/AlphaLines.png>
Package pdftex.def Info: ./../output/frames/filtered/Min/AlphaLines.png used on
 input line 224.
(pdftex.def)             Requested size: 341.43306pt x 284.50949pt.

Overfull \vbox (43.96342pt too high) has occurred while \output is active []


[9 <./../output/frames/unfiltered/Min/AlphaHistograms.png> <./../output/frames/
unfiltered/Min/AlphaLines.png>]
Overfull \vbox (56.51898pt too high) has occurred while \output is active []


[10 <./../output/frames/filtered/Min/AlphaHistograms.png> <./../output/frames/f
iltered/Min/AlphaLines.png>]
<./../output/frames/filtered/Min/BAC/overAllTime.png, id=65, 1204.5pt x 1003.75
pt>
File: ./../output/frames/filtered/Min/BAC/overAllTime.png Graphic file (type pn
g)
 <use ./../output/frames/filtered/Min/BAC/overAllTime.png>
Package pdftex.def Info: ./../output/frames/filtered/Min/BAC/overAllTime.png us
ed on input line 232.
(pdftex.def)             Requested size: 170.71652pt x 142.25475pt.

<./../output/frames/filtered/Min/C/overAllTime.png, id=66, 1204.5pt x 1003.75pt
>
File: ./../output/frames/filtered/Min/C/overAllTime.png Graphic file (type png)

 <use ./../output/frames/filtered/Min/C/overAllTime.png>
Package pdftex.def Info: ./../output/frames/filtered/Min/C/overAllTime.png used
 on input line 233.
(pdftex.def)             Requested size: 170.71652pt x 142.25475pt.

<./../output/frames/filtered/Min/JBLU/overAllTime.png, id=67, 1204.5pt x 1003.7
5pt>
File: ./../output/frames/filtered/Min/JBLU/overAllTime.png Graphic file (type p
ng)
 <use ./../output/frames/filtered/Min/JBLU/overAllTime.png>
Package pdftex.def Info: ./../output/frames/filtered/Min/JBLU/overAllTime.png u
sed on input line 234.
(pdftex.def)             Requested size: 341.43306pt x 284.52481pt.

<./../output/frames/filtered/Min/GOOG/overAllTime.png, id=68, 1204.5pt x 1003.7
5pt>
File: ./../output/frames/filtered/Min/GOOG/overAllTime.png Graphic file (type p
ng)
 <use ./../output/frames/filtered/Min/GOOG/overAllTime.png>
Package pdftex.def Info: ./../output/frames/filtered/Min/GOOG/overAllTime.png u
sed on input line 240.
(pdftex.def)             Requested size: 170.71652pt x 142.25475pt.

<./../output/frames/filtered/Min/GRPN/overAllTime.png, id=69, 1204.5pt x 1003.7
5pt>
File: ./../output/frames/filtered/Min/GRPN/overAllTime.png Graphic file (type p
ng)
 <use ./../output/frames/filtered/Min/GRPN/overAllTime.png>
Package pdftex.def Info: ./../output/frames/filtered/Min/GRPN/overAllTime.png u
sed on input line 241.
(pdftex.def)             Requested size: 170.71652pt x 142.25475pt.

<./../output/frames/filtered/Min/MSFT/overAllTime.png, id=70, 1204.5pt x 1003.7
5pt>
File: ./../output/frames/filtered/Min/MSFT/overAllTime.png Graphic file (type p
ng)
 <use ./../output/frames/filtered/Min/MSFT/overAllTime.png>
Package pdftex.def Info: ./../output/frames/filtered/Min/MSFT/overAllTime.png u
sed on input line 242.
(pdftex.def)             Requested size: 170.71652pt x 142.25475pt.

<./../output/frames/filtered/Min/NFLX/overAllTime.png, id=71, 1204.5pt x 1003.7
5pt>
File: ./../output/frames/filtered/Min/NFLX/overAllTime.png Graphic file (type p
ng)
 <use ./../output/frames/filtered/Min/NFLX/overAllTime.png>
Package pdftex.def Info: ./../output/frames/filtered/Min/NFLX/overAllTime.png u
sed on input line 243.
(pdftex.def)             Requested size: 170.71652pt x 142.25475pt.

<./../output/frames/filtered/Min/RAD/overAllTime.png, id=72, 1204.5pt x 1003.75
pt>
File: ./../output/frames/filtered/Min/RAD/overAllTime.png Graphic file (type pn
g)
 <use ./../output/frames/filtered/Min/RAD/overAllTime.png>
Package pdftex.def Info: ./../output/frames/filtered/Min/RAD/overAllTime.png us
ed on input line 244.
(pdftex.def)             Requested size: 170.71652pt x 142.25475pt.

<./../output/frames/filtered/Min/TSLA/overAllTime.png, id=73, 1204.5pt x 1003.7
5pt>
File: ./../output/frames/filtered/Min/TSLA/overAllTime.png Graphic file (type p
ng)
 <use ./../output/frames/filtered/Min/TSLA/overAllTime.png>
Package pdftex.def Info: ./../output/frames/filtered/Min/TSLA/overAllTime.png u
sed on input line 245.
(pdftex.def)             Requested size: 170.71652pt x 142.25475pt.
 [11 <./../output/frames/filtered/Min/BAC/overAllTime.png> <./../output/frames/
filtered/Min/C/overAllTime.png> <./../output/frames/filtered/Min/JBLU/overAllTi
me.png>]
<./../output/rawScatter.png, id=80, 1204.5pt x 1003.75pt>
File: ./../output/rawScatter.png Graphic file (type png)

<use ./../output/rawScatter.png>
Package pdftex.def Info: ./../output/rawScatter.png used on input line 252.
(pdftex.def)             Requested size: 341.43306pt x 284.52481pt.

<./../output/smallSymbols.png, id=81, 1204.5pt x 1003.75pt>
File: ./../output/smallSymbols.png Graphic file (type png)

<use ./../output/smallSymbols.png>
Package pdftex.def Info: ./../output/smallSymbols.png used on input line 257.
(pdftex.def)             Requested size: 341.43306pt x 284.52481pt.
 [12 <./../output/frames/filtered/Min/GOOG/overAllTime.png> <./../output/frames
/filtered/Min/GRPN/overAllTime.png> <./../output/frames/filtered/Min/MSFT/overA
llTime.png> <./../output/frames/filtered/Min/NFLX/overAllTime.png> <./../output
/frames/filtered/Min/RAD/overAllTime.png> <./../output/frames/filtered/Min/TSLA
/overAllTime.png>]
<./../output/bigExchanges.png, id=91, 1204.5pt x 1003.75pt>
File: ./../output/bigExchanges.png Graphic file (type png)

<use ./../output/bigExchanges.png>
Package pdftex.def Info: ./../output/bigExchanges.png used on input line 262.
(pdftex.def)             Requested size: 341.43306pt x 284.52481pt.
 [13 <./../output/rawScatter.png>]
<./../output/bigExchangesSmallSymbols.png, id=97, 1204.5pt x 1003.75pt>
File: ./../output/bigExchangesSmallSymbols.png Graphic file (type png)

<use ./../output/bigExchangesSmallSymbols.png>
Package pdftex.def Info: ./../output/bigExchangesSmallSymbols.png used on input
 line 267.
(pdftex.def)             Requested size: 341.43306pt x 284.52481pt.
 [14 <./../output/smallSymbols.png>] [15 <./../output/bigExchanges.png>]
Overfull \hbox (29.02206pt too wide) in paragraph at lines 274--274
[][]\OT1/cmr/m/n/8 C:/Users/tcho/Dropbox/Project - Plat-form Com-pe-ti-tion/Cod
e/DepthVolume/tex/CHXNote.pdf| 
 []

<./../output/volumeByCondCHX.png, id=106, 867.24pt x 722.7pt>
File: ./../output/volumeByCondCHX.png Graphic file (type png)

<use ./../output/volumeByCondCHX.png>
Package pdftex.def Info: ./../output/volumeByCondCHX.png used on input line 282
.
(pdftex.def)             Requested size: 170.71652pt x 142.25475pt.
 [16 <./../output/bigExchangesSmallSymbols.png>]
Overfull \hbox (31.10403pt too wide) in paragraph at lines 289--289
[][]\OT1/cmr/m/n/8 http://www.nasdaqtrader.com/content/technicalsupport/specifi
cations/utp/utdfspecification.pdf| 
 []


Underfull \hbox (badness 10000) in paragraph at lines 289--289
[][]\OT1/cmr/m/n/8 http://www.finra.org/industry/trf/trade-report-modifiers-and
-applicability-limit-
 []


Underfull \hbox (badness 10000) in paragraph at lines 294--295

 []

<./../output/frames/filtered/Avg/GOOG/36.png, id=111, 1204.5pt x 1003.75pt>
File: ./../output/frames/filtered/Avg/GOOG/36.png Graphic file (type png)

<use ./../output/frames/filtered/Avg/GOOG/36.png>
Package pdftex.def Info: ./../output/frames/filtered/Avg/GOOG/36.png used on in
put line 299.
(pdftex.def)             Requested size: 341.43306pt x 284.52481pt.
 [17 <./../output/volumeByCondCHX.png>]
Underfull \hbox (badness 10000) in paragraph at lines 303--304

 []


Underfull \hbox (badness 10000) in paragraph at lines 305--323

 []


Underfull \hbox (badness 10000) in paragraph at lines 305--323

 []

[18 <./../output/frames/filtered/Avg/GOOG/36.png>]
Overfull \hbox (18.30627pt too wide) in paragraph at lines 325--340
[] 
 []


Underfull \hbox (badness 10000) in paragraph at lines 325--340

 []

<./../output/frames/filtered/Avg/NFLX/147.png, id=120, 867.24pt x 722.7pt>
File: ./../output/frames/filtered/Avg/NFLX/147.png Graphic file (type png)

<use ./../output/frames/filtered/Avg/NFLX/147.png>
Package pdftex.def Info: ./../output/frames/filtered/Avg/NFLX/147.png used on i
nput line 344.
(pdftex.def)             Requested size: 170.71652pt x 142.25475pt.

<./../output/frames/filtered/Avg/TSLA/57.png, id=121, 867.24pt x 722.7pt>
File: ./../output/frames/filtered/Avg/TSLA/57.png Graphic file (type png)

<use ./../output/frames/filtered/Avg/TSLA/57.png>
Package pdftex.def Info: ./../output/frames/filtered/Avg/TSLA/57.png used on in
put line 345.
(pdftex.def)             Requested size: 170.71652pt x 142.25475pt.

Underfull \hbox (badness 10000) in paragraph at lines 341--347

 []

[19] <./../output/bidSizebyx.png, id=126, 670.505pt x 602.25pt>
File: ./../output/bidSizebyx.png Graphic file (type png)

<use ./../output/bidSizebyx.png>
Package pdftex.def Info: ./../output/bidSizebyx.png used on input line 353.
(pdftex.def)             Requested size: 341.43306pt x 306.67476pt.

Underfull \hbox (badness 10000) in paragraph at lines 350--355

 []

<./../output/spreadsByxhilite.png, id=127, 670.505pt x 602.25pt>
File: ./../output/spreadsByxhilite.png Graphic file (type png)

<use ./../output/spreadsByxhilite.png>
Package pdftex.def Info: ./../output/spreadsByxhilite.png used on input line 35
8.
(pdftex.def)             Requested size: 341.43306pt x 306.67476pt.
 [20 <./../output/frames/filtered/Avg/NFLX/147.png (PNG copy)> <./../output/fra
mes/filtered/Avg/TSLA/57.png (PNG copy)>] [21 <./../output/bidSizebyx.png>]
Underfull \hbox (badness 10000) in paragraph at lines 363--373

 []


Underfull \hbox (badness 10000) in paragraph at lines 374--375

 []


Underfull \hbox (badness 10000) in paragraph at lines 376--377

 []

[22 <./../output/spreadsByxhilite.png>]
Overfull \hbox (8.86174pt too wide) in paragraph at lines 378--388
[][] 
 []


Underfull \hbox (badness 10000) in paragraph at lines 378--388

 []


Underfull \hbox (badness 10000) in paragraph at lines 389--390

 []

<./../output/Rplots/depthVolAll.png, id=139, 727.71875pt x 481.8pt>
File: ./../output/Rplots/depthVolAll.png Graphic file (type png)

<use ./../output/Rplots/depthVolAll.png>
Package pdftex.def Info: ./../output/Rplots/depthVolAll.png used on input line 
399.
(pdftex.def)             Requested size: 213.39566pt x 141.28432pt.

<./../output/Rplots/depthVolNoS.png, id=140, 727.71875pt x 481.8pt>
File: ./../output/Rplots/depthVolNoS.png Graphic file (type png)

<use ./../output/Rplots/depthVolNoS.png>
Package pdftex.def Info: ./../output/Rplots/depthVolNoS.png used on input line 
400.
(pdftex.def)             Requested size: 213.39566pt x 141.28432pt.

<./../output/Rplots/depthVolNoH.png, id=141, 727.71875pt x 481.8pt>
File: ./../output/Rplots/depthVolNoH.png Graphic file (type png)

<use ./../output/Rplots/depthVolNoH.png>
Package pdftex.def Info: ./../output/Rplots/depthVolNoH.png used on input line 
401.
(pdftex.def)             Requested size: 213.39566pt x 141.28432pt.

<./../output/Rplots/depthVolNoSH.png, id=142, 727.71875pt x 481.8pt>
File: ./../output/Rplots/depthVolNoSH.png Graphic file (type png)

<use ./../output/Rplots/depthVolNoSH.png>
Package pdftex.def Info: ./../output/Rplots/depthVolNoSH.png used on input line
 402.
(pdftex.def)             Requested size: 213.39566pt x 141.28432pt.
 [23]
Overfull \vbox (42.08171pt too high) has occurred while \output is active []


[24 <./../output/Rplots/depthVolAll.png> <./../output/Rplots/depthVolNoS.png> <
./../output/Rplots/depthVolNoH.png> <./../output/Rplots/depthVolNoSH.png>]
<./../output/Rplots/depthVolTop100.png, id=153, 727.71875pt x 481.8pt>
File: ./../output/Rplots/depthVolTop100.png Graphic file (type png)

<use ./../output/Rplots/depthVolTop100.png>
Package pdftex.def Info: ./../output/Rplots/depthVolTop100.png used on input li
ne 409.
(pdftex.def)             Requested size: 213.39566pt x 141.28432pt.

<./../output/Rplots/depthVolTop100NoS.png, id=154, 727.71875pt x 481.8pt>
File: ./../output/Rplots/depthVolTop100NoS.png Graphic file (type png)

<use ./../output/Rplots/depthVolTop100NoS.png>
Package pdftex.def Info: ./../output/Rplots/depthVolTop100NoS.png used on input
 line 410.
(pdftex.def)             Requested size: 213.39566pt x 141.28432pt.

<./../output/Rplots/depthVolSP500.png, id=155, 727.71875pt x 481.8pt>
File: ./../output/Rplots/depthVolSP500.png Graphic file (type png)

<use ./../output/Rplots/depthVolSP500.png>
Package pdftex.def Info: ./../output/Rplots/depthVolSP500.png used on input lin
e 411.
(pdftex.def)             Requested size: 213.39566pt x 141.28432pt.

<./../output/Rplots/depthVolSP500NoS.png, id=156, 727.71875pt x 481.8pt>
File: ./../output/Rplots/depthVolSP500NoS.png Graphic file (type png)

<use ./../output/Rplots/depthVolSP500NoS.png>
Package pdftex.def Info: ./../output/Rplots/depthVolSP500NoS.png used on input 
line 412.
(pdftex.def)             Requested size: 213.39566pt x 141.28432pt.

Overfull \vbox (54.08171pt too high) has occurred while \output is active []


[25 <./../output/Rplots/depthVolTop100.png> <./../output/Rplots/depthVolTop100N
oS.png> <./../output/Rplots/depthVolSP500.png> <./../output/Rplots/depthVolSP50
0NoS.png>] <./../output/Rplots/myCoef.png, id=165, 767.86874pt x 490.83376pt>
File: ./../output/Rplots/myCoef.png Graphic file (type png)

<use ./../output/Rplots/myCoef.png>
Package pdftex.def Info: ./../output/Rplots/myCoef.png used on input line 422.
(pdftex.def)             Requested size: 170.71652pt x 109.12216pt.

<./../output/Rplots/myCoefMin.png, id=166, 767.86874pt x 490.83376pt>
File: ./../output/Rplots/myCoefMin.png Graphic file (type png)

<use ./../output/Rplots/myCoefMin.png>
Package pdftex.def Info: ./../output/Rplots/myCoefMin.png used on input line 42
3.
(pdftex.def)             Requested size: 170.71652pt x 109.12216pt.

<./../output/Rplots/myCoefNoS.png, id=167, 767.86874pt x 490.83376pt>
File: ./../output/Rplots/myCoefNoS.png Graphic file (type png)

<use ./../output/Rplots/myCoefNoS.png>
Package pdftex.def Info: ./../output/Rplots/myCoefNoS.png used on input line 42
4.
(pdftex.def)             Requested size: 170.71652pt x 109.12216pt.

<./../output/Rplots/myCoefMinNoS.png, id=168, 767.86874pt x 490.83376pt>
File: ./../output/Rplots/myCoefMinNoS.png Graphic file (type png)

<use ./../output/Rplots/myCoefMinNoS.png>
Package pdftex.def Info: ./../output/Rplots/myCoefMinNoS.png used on input line
 425.
(pdftex.def)             Requested size: 170.71652pt x 109.12216pt.

<./../output/Rplots/myCoefNoH.png, id=169, 767.86874pt x 490.83376pt>
File: ./../output/Rplots/myCoefNoH.png Graphic file (type png)

<use ./../output/Rplots/myCoefNoH.png>
Package pdftex.def Info: ./../output/Rplots/myCoefNoH.png used on input line 42
6.
(pdftex.def)             Requested size: 170.71652pt x 109.12216pt.

<./../output/Rplots/myCoefMinNoH.png, id=170, 767.86874pt x 490.83376pt>
File: ./../output/Rplots/myCoefMinNoH.png Graphic file (type png)

<use ./../output/Rplots/myCoefMinNoH.png>
Package pdftex.def Info: ./../output/Rplots/myCoefMinNoH.png used on input line
 427.
(pdftex.def)             Requested size: 170.71652pt x 109.12216pt.

<./../output/Rplots/myCoefNoSH.png, id=171, 767.86874pt x 490.83376pt>
File: ./../output/Rplots/myCoefNoSH.png Graphic file (type png)

<use ./../output/Rplots/myCoefNoSH.png>
Package pdftex.def Info: ./../output/Rplots/myCoefNoSH.png used on input line 4
28.
(pdftex.def)             Requested size: 170.71652pt x 109.12216pt.

<./../output/Rplots/myCoefMinNoSH.png, id=172, 767.86874pt x 490.83376pt>
File: ./../output/Rplots/myCoefMinNoSH.png Graphic file (type png)

<use ./../output/Rplots/myCoefMinNoSH.png>
Package pdftex.def Info: ./../output/Rplots/myCoefMinNoSH.png used on input lin
e 429.
(pdftex.def)             Requested size: 170.71652pt x 109.12216pt.
 [26]
<./../output/Rplots/hist25.png, id=176, 930.47626pt x 579.16376pt>
File: ./../output/Rplots/hist25.png Graphic file (type png)

<use ./../output/Rplots/hist25.png>
Package pdftex.def Info: ./../output/Rplots/hist25.png used on input line 439.
(pdftex.def)             Requested size: 170.71652pt x 106.25987pt.

<./../output/Rplots/hist25NoS.png, id=177, 930.47626pt x 579.16376pt>
File: ./../output/Rplots/hist25NoS.png Graphic file (type png)

<use ./../output/Rplots/hist25NoS.png>
Package pdftex.def Info: ./../output/Rplots/hist25NoS.png used on input line 44
0.
(pdftex.def)             Requested size: 170.71652pt x 106.25987pt.

<./../output/Rplots/hist50.png, id=178, 930.47626pt x 579.16376pt>
File: ./../output/Rplots/hist50.png Graphic file (type png)

<use ./../output/Rplots/hist50.png>
Package pdftex.def Info: ./../output/Rplots/hist50.png used on input line 441.
(pdftex.def)             Requested size: 170.71652pt x 106.25987pt.

<./../output/Rplots/hist50NoS.png, id=179, 930.47626pt x 579.16376pt>
File: ./../output/Rplots/hist50NoS.png Graphic file (type png)

<use ./../output/Rplots/hist50NoS.png>
Package pdftex.def Info: ./../output/Rplots/hist50NoS.png used on input line 44
2.
(pdftex.def)             Requested size: 170.71652pt x 106.25987pt.

<./../output/Rplots/hist75.png, id=180, 930.47626pt x 579.16376pt>
File: ./../output/Rplots/hist75.png Graphic file (type png)

<use ./../output/Rplots/hist75.png>
Package pdftex.def Info: ./../output/Rplots/hist75.png used on input line 443.
(pdftex.def)             Requested size: 170.71652pt x 106.25987pt.

<./../output/Rplots/hist75NoS.png, id=181, 930.47626pt x 579.16376pt>
File: ./../output/Rplots/hist75NoS.png Graphic file (type png)

<use ./../output/Rplots/hist75NoS.png>
Package pdftex.def Info: ./../output/Rplots/hist75NoS.png used on input line 44
4.
(pdftex.def)             Requested size: 170.71652pt x 106.25987pt.

<./../output/Rplots/hist100.png, id=182, 930.47626pt x 579.16376pt>
File: ./../output/Rplots/hist100.png Graphic file (type png)

<use ./../output/Rplots/hist100.png>
Package pdftex.def Info: ./../output/Rplots/hist100.png used on input line 445.

(pdftex.def)             Requested size: 170.71652pt x 106.25987pt.

<./../output/Rplots/hist100NoS.png, id=183, 930.47626pt x 579.16376pt>
File: ./../output/Rplots/hist100NoS.png Graphic file (type png)

<use ./../output/Rplots/hist100NoS.png>
Package pdftex.def Info: ./../output/Rplots/hist100NoS.png used on input line 4
46.
(pdftex.def)             Requested size: 170.71652pt x 106.25987pt.
 [27 <./../output/Rplots/myCoef.png> <./../output/Rplots/myCoefMin.png> <./../o
utput/Rplots/myCoefNoS.png> <./../output/Rplots/myCoefMinNoS.png> <./../output/
Rplots/myCoefNoH.png> <./../output/Rplots/myCoefMinNoH.png> <./../output/Rplots
/myCoefNoSH.png> <./../output/Rplots/myCoefMinNoSH.png>]
<./../output/Rplots/histSP500.png, id=195, 930.47626pt x 579.16376pt>
File: ./../output/Rplots/histSP500.png Graphic file (type png)

<use ./../output/Rplots/histSP500.png>
Package pdftex.def Info: ./../output/Rplots/histSP500.png used on input line 45
3.
(pdftex.def)             Requested size: 227.62204pt x 141.67984pt.

<./../output/Rplots/histSP500NoS.png, id=196, 930.47626pt x 579.16376pt>
File: ./../output/Rplots/histSP500NoS.png Graphic file (type png)

<use ./../output/Rplots/histSP500NoS.png>
Package pdftex.def Info: ./../output/Rplots/histSP500NoS.png used on input line
 454.
(pdftex.def)             Requested size: 227.62204pt x 141.67984pt.
 [28 <./../output/Rplots/hist25.png> <./../output/Rplots/hist25NoS.png> <./../o
utput/Rplots/hist50.png> <./../output/Rplots/hist50NoS.png> <./../output/Rplots
/hist75.png> <./../output/Rplots/hist75NoS.png> <./../output/Rplots/hist100.png
> <./../output/Rplots/hist100NoS.png>]
Underfull \hbox (badness 10000) in paragraph at lines 460--461

 []


Overfull \hbox (27.77841pt too wide) in paragraph at lines 463--473
 [] 
 []

[29 <./../output/Rplots/histSP500.png> <./../output/Rplots/histSP500NoS.png>]
(./depthVolume090215.aux) ) 
Here is how much of TeX's memory you used:
 1841 strings out of 493091
 33269 string characters out of 6134965
 90591 words of memory out of 5000000
 5271 multiletter control sequences out of 15000+600000
 7895 words of font info for 28 fonts, out of 8000000 for 9000
 1141 hyphenation exceptions out of 8191
 37i,10n,23p,902b,222s stack positions out of 5000i,500n,10000p,200000b,80000s
</usr/local/texlive/2015/texmf-dist/fonts/type1/publ
ic/amsfonts/cm/cmbx10.pfb></usr/local/texlive/2015/texmf-dist/fonts/type1/publi
c/amsfonts/cm/cmbx12.pfb></usr/local/texlive/2015/texmf-dist/fonts/type1/public
/amsfonts/cm/cmex10.pfb></usr/local/texlive/2015/texmf-dist/fonts/type1/public/
amsfonts/cm/cmmi10.pfb></usr/local/texlive/2015/texmf-dist/fonts/type1/public/a
msfonts/cm/cmmi7.pfb></usr/local/texlive/2015/texmf-dist/fonts/type1/public/ams
fonts/cm/cmr10.pfb></usr/local/texlive/2015/texmf-dist/fonts/type1/public/amsfo
nts/cm/cmr12.pfb></usr/local/texlive/2015/texmf-dist/fonts/type1/public/amsfont
s/cm/cmr17.pfb></usr/local/texlive/2015/texmf-dist/fonts/type1/public/amsfonts/
cm/cmr6.pfb></usr/local/texlive/2015/texmf-dist/fonts/type1/public/amsfonts/cm/
cmr7.pfb></usr/local/texlive/2015/texmf-dist/fonts/type1/public/amsfonts/cm/cmr
8.pfb></usr/local/texlive/2015/texmf-dist/fonts/type1/public/amsfonts/cm/cmsy10
.pfb></usr/local/texlive/2015/texmf-dist/fonts/type1/public/amsfonts/cm/cmsy7.p
fb>
Output written on depthVolume090215.pdf (29 pages, 8182676 bytes).
PDF statistics:
 256 PDF objects out of 1000 (max. 8388607)
 105 compressed objects within 2 object streams
 0 named destinations out of 1000 (max. 500000)
 271 words of extra memory for PDF output out of 10000 (max. 10000000)

