This is pdfTeX, Version 3.1415926-2.5-1.40.14 (MiKTeX 2.9 64-bit) (preloaded format=pdflatex 2015.8.5)  31 AUG 2015 17:09
entering extended mode
**C:/Users/tcho/Dropbox/Project*-*Platform*Competition/Code/DepthVolume/tex/dep
thVolume.tex

("C:/Users/tcho/Dropbox/Project - Platform Competition/Code/DepthVolume/tex/dep
thVolume.tex"
LaTeX2e <2011/06/27>
Babel <v3.8m> and hyphenation patterns for english, afrikaans, ancientgreek, ar
abic, armenian, assamese, basque, bengali, bokmal, bulgarian, catalan, coptic, 
croatian, czech, danish, dutch, esperanto, estonian, farsi, finnish, french, ga
lician, german, german-x-2013-05-26, greek, gujarati, hindi, hungarian, iceland
ic, indonesian, interlingua, irish, italian, kannada, kurmanji, latin, latvian,
 lithuanian, malayalam, marathi, mongolian, mongolianlmc, monogreek, ngerman, n
german-x-2013-05-26, nynorsk, oriya, panjabi, pinyin, polish, portuguese, roman
ian, russian, sanskrit, serbian, slovak, slovenian, spanish, swedish, swissgerm
an, tamil, telugu, turkish, turkmen, ukenglish, ukrainian, uppersorbian, usengl
ishmax, welsh, loaded.
("C:\Program Files\MiKTeX 2.9\tex\latex\base\article.cls"
Document Class: article 2007/10/19 v1.4h Standard LaTeX document class
("C:\Program Files\MiKTeX 2.9\tex\latex\base\size10.clo"
File: size10.clo 2007/10/19 v1.4h Standard LaTeX file (size option)
)
\c@part=\count79
\c@section=\count80
\c@subsection=\count81
\c@subsubsection=\count82
\c@paragraph=\count83
\c@subparagraph=\count84
\c@figure=\count85
\c@table=\count86
\abovecaptionskip=\skip41
\belowcaptionskip=\skip42
\bibindent=\dimen102
)
("C:\Program Files\MiKTeX 2.9\tex\latex\graphics\graphicx.sty"
Package: graphicx 1999/02/16 v1.0f Enhanced LaTeX Graphics (DPC,SPQR)

("C:\Program Files\MiKTeX 2.9\tex\latex\graphics\keyval.sty"
Package: keyval 1999/03/16 v1.13 key=value parser (DPC)
\KV@toks@=\toks14
)
("C:\Program Files\MiKTeX 2.9\tex\latex\graphics\graphics.sty"
Package: graphics 2009/02/05 v1.0o Standard LaTeX Graphics (DPC,SPQR)

("C:\Program Files\MiKTeX 2.9\tex\latex\graphics\trig.sty"
Package: trig 1999/03/16 v1.09 sin cos tan (DPC)
)
("C:\Program Files\MiKTeX 2.9\tex\latex\00miktex\graphics.cfg"
File: graphics.cfg 2007/01/18 v1.5 graphics configuration of teTeX/TeXLive
)
Package graphics Info: Driver file: pdftex.def on input line 91.

("C:\Program Files\MiKTeX 2.9\tex\latex\pdftex-def\pdftex.def"
File: pdftex.def 2011/05/27 v0.06d Graphics/color for pdfTeX

("C:\Program Files\MiKTeX 2.9\tex\generic\oberdiek\infwarerr.sty"
Package: infwarerr 2010/04/08 v1.3 Providing info/warning/error messages (HO)
)
("C:\Program Files\MiKTeX 2.9\tex\generic\oberdiek\ltxcmds.sty"
Package: ltxcmds 2011/11/09 v1.22 LaTeX kernel commands for general use (HO)
)
\Gread@gobject=\count87
))
\Gin@req@height=\dimen103
\Gin@req@width=\dimen104
)
("C:\Program Files\MiKTeX 2.9\tex\latex\float\float.sty"
Package: float 2001/11/08 v1.3d Float enhancements (AL)
\c@float@type=\count88
\float@exts=\toks15
\float@box=\box26
\@float@everytoks=\toks16
\@floatcapt=\box27
)
("C:\Users\tcho\Dropbox\Project - Platform Competition\Code\DepthVolume\tex\dep
thVolume.aux")
LaTeX Font Info:    Checking defaults for OML/cmm/m/it on input line 4.
LaTeX Font Info:    ... okay on input line 4.
LaTeX Font Info:    Checking defaults for T1/cmr/m/n on input line 4.
LaTeX Font Info:    ... okay on input line 4.
LaTeX Font Info:    Checking defaults for OT1/cmr/m/n on input line 4.
LaTeX Font Info:    ... okay on input line 4.
LaTeX Font Info:    Checking defaults for OMS/cmsy/m/n on input line 4.
LaTeX Font Info:    ... okay on input line 4.
LaTeX Font Info:    Checking defaults for OMX/cmex/m/n on input line 4.
LaTeX Font Info:    ... okay on input line 4.
LaTeX Font Info:    Checking defaults for U/cmr/m/n on input line 4.
LaTeX Font Info:    ... okay on input line 4.
 ("C:\Program Files\MiKTeX 2.9\tex\context\base\supp-pdf.mkii"
[Loading MPS to PDF converter (version 2006.09.02).]
\scratchcounter=\count89
\scratchdimen=\dimen105
\scratchbox=\box28
\nofMPsegments=\count90
\nofMParguments=\count91
\everyMPshowfont=\toks17
\MPscratchCnt=\count92
\MPscratchDim=\dimen106
\MPnumerator=\count93
\makeMPintoPDFobject=\count94
\everyMPtoPDFconversion=\toks18
)
LaTeX Font Info:    External font `cmex10' loaded for size
(Font)              <12> on input line 8.
LaTeX Font Info:    External font `cmex10' loaded for size
(Font)              <8> on input line 8.
LaTeX Font Info:    External font `cmex10' loaded for size
(Font)              <6> on input line 8.


LaTeX Warning: No \author given.

LaTeX Font Info:    External font `cmex10' loaded for size
(Font)              <7> on input line 12.
LaTeX Font Info:    External font `cmex10' loaded for size
(Font)              <5> on input line 12.

Underfull \hbox (badness 10000) in paragraph at lines 12--13

 []


Underfull \hbox (badness 10000) in paragraph at lines 14--15

 []


Underfull \hbox (badness 10000) in paragraph at lines 17--19

 []

[1

{C:/ProgramData/MiKTeX/2.9/pdftex/config/pdftex.map}] [2]
Underfull \hbox (badness 10000) in paragraph at lines 93--95

 []

[3]
Underfull \hbox (badness 10000) in paragraph at lines 147--148

 []

[4]
Underfull \hbox (badness 10000) in paragraph at lines 154--155

 []


Underfull \hbox (badness 10000) in paragraph at lines 155--156

 []


Underfull \hbox (badness 10000) in paragraph at lines 158--159

 []


Underfull \hbox (badness 10000) in paragraph at lines 159--160

 []


Underfull \hbox (badness 10000) in paragraph at lines 162--163

 []


Underfull \hbox (badness 10000) in paragraph at lines 163--165

 []


Underfull \hbox (badness 10000) in paragraph at lines 170--171

 []


Underfull \hbox (badness 10000) in paragraph at lines 172--173

 []

[5]
<./../output/trends/TimeChartDollarShot.png, id=30, 907.89188pt x 379.91937pt>
File: ./../output/trends/TimeChartDollarShot.png Graphic file (type png)

<use ./../output/trends/TimeChartDollarShot.png>
Package pdftex.def Info: ./../output/trends/TimeChartDollarShot.png used on inp
ut line 176.
(pdftex.def)             Requested size: 341.43306pt x 142.8752pt.

Underfull \hbox (badness 10000) in paragraph at lines 180--181

 []


Underfull \hbox (badness 10000) in paragraph at lines 182--183

 []


Underfull \hbox (badness 10000) in paragraph at lines 184--185

 []


Underfull \hbox (badness 10000) in paragraph at lines 185--186

 []

LaTeX Font Info:    Try loading font information for OMS+cmr on input line 189.

("C:\Program Files\MiKTeX 2.9\tex\latex\base\omscmr.fd"
File: omscmr.fd 1999/05/25 v2.5h Standard LaTeX font definitions
)
LaTeX Font Info:    Font shape `OMS/cmr/m/n' in size <10> not available
(Font)              Font shape `OMS/cmsy/m/n' tried instead on input line 189.

Overfull \hbox (79.96385pt too wide) in paragraph at lines 199--199
[][] \OT1/cmr/m/n/8 /Project - Plat-form Com-pe-ti-tion/Code/DepthVolume/output
/frames/unfiltered/Avg/allDepthVolume[][][].html 
 []


Overfull \hbox (62.53859pt too wide) in paragraph at lines 199--199
\OT1/cmr/m/n/8 /Project - Plat-form Com-pe-ti-tion/Code/DepthVolume/output/fram
es/unfiltered/Min/allDepthVolume[][][].html 
 []


Overfull \hbox (53.33012pt too wide) in paragraph at lines 199--199
\OT1/cmr/m/n/8 /Project - Plat-form Com-pe-ti-tion/Code/DepthVolume/output/fram
es/filtered/Avg/allDepthVolume[][][].html 
 []


Overfull \hbox (53.09401pt too wide) in paragraph at lines 199--199
\OT1/cmr/m/n/8 /Project - Plat-form Com-pe-ti-tion/Code/DepthVolume/output/fram
es/filtered/Min/allDepthVolume[][][].html| 
 []


<./../output/frames/unfiltered/Min/BetaHistograms.png, id=31, 3613.5pt x 3011.2
5pt>
File: ./../output/frames/unfiltered/Min/BetaHistograms.png Graphic file (type p
ng)
 <use ./../output/frames/unfiltered/Min/BetaHistograms.png>
Package pdftex.def Info: ./../output/frames/unfiltered/Min/BetaHistograms.png u
sed on input line 205.
(pdftex.def)             Requested size: 341.43306pt x 284.50949pt.

<./../output/frames/unfiltered/Min/BetaLines.png, id=33, 3613.5pt x 3011.25pt>
File: ./../output/frames/unfiltered/Min/BetaLines.png Graphic file (type png)

<use ./../output/frames/unfiltered/Min/BetaLines.png>
Package pdftex.def Info: ./../output/frames/unfiltered/Min/BetaLines.png used o
n input line 206.
(pdftex.def)             Requested size: 341.43306pt x 284.50949pt.

<./../output/frames/filtered/Min/BetaHistograms.png, id=34, 3613.5pt x 3011.25p
t>
File: ./../output/frames/filtered/Min/BetaHistograms.png Graphic file (type png
)
 <use ./../output/frames/filtered/Min/BetaHistograms.png>
Package pdftex.def Info: ./../output/frames/filtered/Min/BetaHistograms.png use
d on input line 211.
(pdftex.def)             Requested size: 341.43306pt x 284.50949pt.

<./../output/frames/filtered/Min/BetaLines.png, id=35, 3613.5pt x 3011.25pt>
File: ./../output/frames/filtered/Min/BetaLines.png Graphic file (type png)

<use ./../output/frames/filtered/Min/BetaLines.png>
Package pdftex.def Info: ./../output/frames/filtered/Min/BetaLines.png used on 
input line 212.
(pdftex.def)             Requested size: 341.43306pt x 284.50949pt.
 [6 <C:/Users/tcho/Dropbox/Project - Platform Competition/Code/DepthVolume/outp
ut/trends/TimeChartDollarShot.png>]
Overfull \vbox (73.75505pt too high) has occurred while \output is active []


[7 <C:/Users/tcho/Dropbox/Project - Platform Competition/Code/DepthVolume/outpu
t/frames/unfiltered/Min/BetaHistograms.png> <C:/Users/tcho/Dropbox/Project - Pl
atform Competition/Code/DepthVolume/output/frames/unfiltered/Min/BetaLines.png>
]
<./../output/frames/unfiltered/Min/AlphaHistograms.png, id=45, 3613.5pt x 3011.
25pt>
File: ./../output/frames/unfiltered/Min/AlphaHistograms.png Graphic file (type 
png)
 <use ./../output/frames/unfiltered/Min/AlphaHistograms.png>
Package pdftex.def Info: ./../output/frames/unfiltered/Min/AlphaHistograms.png 
used on input line 217.
(pdftex.def)             Requested size: 341.43306pt x 284.50949pt.

<./../output/frames/unfiltered/Min/AlphaLines.png, id=46, 3613.5pt x 3011.25pt>
File: ./../output/frames/unfiltered/Min/AlphaLines.png Graphic file (type png)
<use ./../output/frames/unfiltered/Min/AlphaLines.png>
Package pdftex.def Info: ./../output/frames/unfiltered/Min/AlphaLines.png used 
on input line 218.
(pdftex.def)             Requested size: 341.43306pt x 284.50949pt.

Overfull \vbox (56.51898pt too high) has occurred while \output is active []


[8 <C:/Users/tcho/Dropbox/Project - Platform Competition/Code/DepthVolume/outpu
t/frames/filtered/Min/BetaHistograms.png> <C:/Users/tcho/Dropbox/Project - Plat
form Competition/Code/DepthVolume/output/frames/filtered/Min/BetaLines.png>]
<./../output/frames/filtered/Min/AlphaHistograms.png, id=52, 3613.5pt x 3011.25
pt>
File: ./../output/frames/filtered/Min/AlphaHistograms.png Graphic file (type pn
g)
 <use ./../output/frames/filtered/Min/AlphaHistograms.png>
Package pdftex.def Info: ./../output/frames/filtered/Min/AlphaHistograms.png us
ed on input line 223.
(pdftex.def)             Requested size: 341.43306pt x 284.50949pt.

<./../output/frames/filtered/Min/AlphaLines.png, id=53, 3613.5pt x 3011.25pt>
File: ./../output/frames/filtered/Min/AlphaLines.png Graphic file (type png)

<use ./../output/frames/filtered/Min/AlphaLines.png>
Package pdftex.def Info: ./../output/frames/filtered/Min/AlphaLines.png used on
 input line 224.
(pdftex.def)             Requested size: 341.43306pt x 284.50949pt.

Overfull \vbox (43.96342pt too high) has occurred while \output is active []


[9 <C:/Users/tcho/Dropbox/Project - Platform Competition/Code/DepthVolume/outpu
t/frames/unfiltered/Min/AlphaHistograms.png> <C:/Users/tcho/Dropbox/Project - P
latform Competition/Code/DepthVolume/output/frames/unfiltered/Min/AlphaLines.pn
g>]
Overfull \vbox (56.51898pt too high) has occurred while \output is active []


[10 <C:/Users/tcho/Dropbox/Project - Platform Competition/Code/DepthVolume/outp
ut/frames/filtered/Min/AlphaHistograms.png> <C:/Users/tcho/Dropbox/Project - Pl
atform Competition/Code/DepthVolume/output/frames/filtered/Min/AlphaLines.png>]

<./../output/frames/filtered/Min/BAC/overAllTime.png, id=64, 1204.5pt x 1003.75
pt>
File: ./../output/frames/filtered/Min/BAC/overAllTime.png Graphic file (type pn
g)
 <use ./../output/frames/filtered/Min/BAC/overAllTime.png>
Package pdftex.def Info: ./../output/frames/filtered/Min/BAC/overAllTime.png us
ed on input line 232.
(pdftex.def)             Requested size: 170.71652pt x 142.25475pt.

<./../output/frames/filtered/Min/C/overAllTime.png, id=65, 1204.5pt x 1003.75pt
>
File: ./../output/frames/filtered/Min/C/overAllTime.png Graphic file (type png)

 <use ./../output/frames/filtered/Min/C/overAllTime.png>
Package pdftex.def Info: ./../output/frames/filtered/Min/C/overAllTime.png used
 on input line 233.
(pdftex.def)             Requested size: 170.71652pt x 142.25475pt.

<./../output/frames/filtered/Min/JBLU/overAllTime.png, id=66, 1204.5pt x 1003.7
5pt>
File: ./../output/frames/filtered/Min/JBLU/overAllTime.png Graphic file (type p
ng)
 <use ./../output/frames/filtered/Min/JBLU/overAllTime.png>
Package pdftex.def Info: ./../output/frames/filtered/Min/JBLU/overAllTime.png u
sed on input line 234.
(pdftex.def)             Requested size: 341.43306pt x 284.52481pt.

<./../output/frames/filtered/Min/GOOG/overAllTime.png, id=67, 1204.5pt x 1003.7
5pt>
File: ./../output/frames/filtered/Min/GOOG/overAllTime.png Graphic file (type p
ng)
 <use ./../output/frames/filtered/Min/GOOG/overAllTime.png>
Package pdftex.def Info: ./../output/frames/filtered/Min/GOOG/overAllTime.png u
sed on input line 240.
(pdftex.def)             Requested size: 170.71652pt x 142.25475pt.

<./../output/frames/filtered/Min/GRPN/overAllTime.png, id=68, 1204.5pt x 1003.7
5pt>
File: ./../output/frames/filtered/Min/GRPN/overAllTime.png Graphic file (type p
ng)
 <use ./../output/frames/filtered/Min/GRPN/overAllTime.png>
Package pdftex.def Info: ./../output/frames/filtered/Min/GRPN/overAllTime.png u
sed on input line 241.
(pdftex.def)             Requested size: 170.71652pt x 142.25475pt.

<./../output/frames/filtered/Min/MSFT/overAllTime.png, id=69, 1204.5pt x 1003.7
5pt>
File: ./../output/frames/filtered/Min/MSFT/overAllTime.png Graphic file (type p
ng)
 <use ./../output/frames/filtered/Min/MSFT/overAllTime.png>
Package pdftex.def Info: ./../output/frames/filtered/Min/MSFT/overAllTime.png u
sed on input line 242.
(pdftex.def)             Requested size: 170.71652pt x 142.25475pt.

<./../output/frames/filtered/Min/NFLX/overAllTime.png, id=70, 1204.5pt x 1003.7
5pt>
File: ./../output/frames/filtered/Min/NFLX/overAllTime.png Graphic file (type p
ng)
 <use ./../output/frames/filtered/Min/NFLX/overAllTime.png>
Package pdftex.def Info: ./../output/frames/filtered/Min/NFLX/overAllTime.png u
sed on input line 243.
(pdftex.def)             Requested size: 170.71652pt x 142.25475pt.

<./../output/frames/filtered/Min/RAD/overAllTime.png, id=71, 1204.5pt x 1003.75
pt>
File: ./../output/frames/filtered/Min/RAD/overAllTime.png Graphic file (type pn
g)
 <use ./../output/frames/filtered/Min/RAD/overAllTime.png>
Package pdftex.def Info: ./../output/frames/filtered/Min/RAD/overAllTime.png us
ed on input line 244.
(pdftex.def)             Requested size: 170.71652pt x 142.25475pt.

<./../output/frames/filtered/Min/TSLA/overAllTime.png, id=72, 1204.5pt x 1003.7
5pt>
File: ./../output/frames/filtered/Min/TSLA/overAllTime.png Graphic file (type p
ng)
 <use ./../output/frames/filtered/Min/TSLA/overAllTime.png>
Package pdftex.def Info: ./../output/frames/filtered/Min/TSLA/overAllTime.png u
sed on input line 245.
(pdftex.def)             Requested size: 170.71652pt x 142.25475pt.
 [11 <C:/Users/tcho/Dropbox/Project - Platform Competition/Code/DepthVolume/out
put/frames/filtered/Min/BAC/overAllTime.png> <C:/Users/tcho/Dropbox/Project - P
latform Competition/Code/DepthVolume/output/frames/filtered/Min/C/overAllTime.p
ng> <C:/Users/tcho/Dropbox/Project - Platform Competition/Code/DepthVolume/outp
ut/frames/filtered/Min/JBLU/overAllTime.png>]
<./../output/rawScatter.png, id=79, 1204.5pt x 1003.75pt>
File: ./../output/rawScatter.png Graphic file (type png)

<use ./../output/rawScatter.png>
Package pdftex.def Info: ./../output/rawScatter.png used on input line 252.
(pdftex.def)             Requested size: 341.43306pt x 284.52481pt.

<./../output/smallSymbols.png, id=80, 1204.5pt x 1003.75pt>
File: ./../output/smallSymbols.png Graphic file (type png)

<use ./../output/smallSymbols.png>
Package pdftex.def Info: ./../output/smallSymbols.png used on input line 257.
(pdftex.def)             Requested size: 341.43306pt x 284.52481pt.
 [12 <C:/Users/tcho/Dropbox/Project - Platform Competition/Code/DepthVolume/out
put/frames/filtered/Min/GOOG/overAllTime.png> <C:/Users/tcho/Dropbox/Project - 
Platform Competition/Code/DepthVolume/output/frames/filtered/Min/GRPN/overAllTi
me.png> <C:/Users/tcho/Dropbox/Project - Platform Competition/Code/DepthVolume/
output/frames/filtered/Min/MSFT/overAllTime.png> <C:/Users/tcho/Dropbox/Project
 - Platform Competition/Code/DepthVolume/output/frames/filtered/Min/NFLX/overAl
lTime.png> <C:/Users/tcho/Dropbox/Project - Platform Competition/Code/DepthVolu
me/output/frames/filtered/Min/RAD/overAllTime.png> <C:/Users/tcho/Dropbox/Proje
ct - Platform Competition/Code/DepthVolume/output/frames/filtered/Min/TSLA/over
AllTime.png>]
<./../output/bigExchanges.png, id=90, 1204.5pt x 1003.75pt>
File: ./../output/bigExchanges.png Graphic file (type png)

<use ./../output/bigExchanges.png>
Package pdftex.def Info: ./../output/bigExchanges.png used on input line 262.
(pdftex.def)             Requested size: 341.43306pt x 284.52481pt.
 [13 <C:/Users/tcho/Dropbox/Project - Platform Competition/Code/DepthVolume/out
put/rawScatter.png>]
<./../output/bigExchangesSmallSymbols.png, id=96, 1204.5pt x 1003.75pt>
File: ./../output/bigExchangesSmallSymbols.png Graphic file (type png)

<use ./../output/bigExchangesSmallSymbols.png>
Package pdftex.def Info: ./../output/bigExchangesSmallSymbols.png used on input
 line 267.
(pdftex.def)             Requested size: 341.43306pt x 284.52481pt.
 [14 <C:/Users/tcho/Dropbox/Project - Platform Competition/Code/DepthVolume/out
put/smallSymbols.png>] [15 <C:/Users/tcho/Dropbox/Project - Platform Competitio
n/Code/DepthVolume/output/bigExchanges.png>]
Overfull \hbox (29.02206pt too wide) in paragraph at lines 274--274
[][]\OT1/cmr/m/n/8 C:/Users/tcho/Dropbox/Project - Plat-form Com-pe-ti-tion/Cod
e/DepthVolume/tex/CHXNote.pdf| 
 []

<./../output/volumeByCondCHX.png, id=105, 867.24pt x 722.7pt>
File: ./../output/volumeByCondCHX.png Graphic file (type png)

<use ./../output/volumeByCondCHX.png>
Package pdftex.def Info: ./../output/volumeByCondCHX.png used on input line 282
.
(pdftex.def)             Requested size: 170.71652pt x 142.25475pt.
 [16 <C:/Users/tcho/Dropbox/Project - Platform Competition/Code/DepthVolume/out
put/bigExchangesSmallSymbols.png>]
Overfull \hbox (31.10403pt too wide) in paragraph at lines 289--289
[][]\OT1/cmr/m/n/8 http://www.nasdaqtrader.com/content/technicalsupport/specifi
cations/utp/utdfspecification.pdf| 
 []


Underfull \hbox (badness 10000) in paragraph at lines 289--289
[][]\OT1/cmr/m/n/8 http://www.finra.org/industry/trf/trade-report-modifiers-and
-applicability-limit-
 []


Underfull \hbox (badness 10000) in paragraph at lines 294--295

 []

<./../output/frames/filtered/Avg/GOOG/36.png, id=110, 1204.5pt x 1003.75pt>
File: ./../output/frames/filtered/Avg/GOOG/36.png Graphic file (type png)

<use ./../output/frames/filtered/Avg/GOOG/36.png>
Package pdftex.def Info: ./../output/frames/filtered/Avg/GOOG/36.png used on in
put line 299.
(pdftex.def)             Requested size: 341.43306pt x 284.52481pt.
 [17 <C:/Users/tcho/Dropbox/Project - Platform Competition/Code/DepthVolume/out
put/volumeByCondCHX.png>]
Underfull \hbox (badness 10000) in paragraph at lines 303--304

 []


Underfull \hbox (badness 10000) in paragraph at lines 305--323

 []


Underfull \hbox (badness 10000) in paragraph at lines 305--323

 []

[18 <C:/Users/tcho/Dropbox/Project - Platform Competition/Code/DepthVolume/outp
ut/frames/filtered/Avg/GOOG/36.png>]
Overfull \hbox (18.30627pt too wide) in paragraph at lines 325--340
[] 
 []


Underfull \hbox (badness 10000) in paragraph at lines 325--340

 []

<./../output/frames/filtered/Avg/NFLX/147.png, id=119, 867.24pt x 722.7pt>
File: ./../output/frames/filtered/Avg/NFLX/147.png Graphic file (type png)

<use ./../output/frames/filtered/Avg/NFLX/147.png>
Package pdftex.def Info: ./../output/frames/filtered/Avg/NFLX/147.png used on i
nput line 344.
(pdftex.def)             Requested size: 170.71652pt x 142.25475pt.

<./../output/frames/filtered/Avg/TSLA/57.png, id=120, 867.24pt x 722.7pt>
File: ./../output/frames/filtered/Avg/TSLA/57.png Graphic file (type png)

<use ./../output/frames/filtered/Avg/TSLA/57.png>
Package pdftex.def Info: ./../output/frames/filtered/Avg/TSLA/57.png used on in
put line 345.
(pdftex.def)             Requested size: 170.71652pt x 142.25475pt.

Underfull \hbox (badness 10000) in paragraph at lines 341--347

 []

[19] <./../output/bidSizebyx.png, id=125, 670.505pt x 602.25pt>
File: ./../output/bidSizebyx.png Graphic file (type png)

<use ./../output/bidSizebyx.png>
Package pdftex.def Info: ./../output/bidSizebyx.png used on input line 353.
(pdftex.def)             Requested size: 341.43306pt x 306.67476pt.

Underfull \hbox (badness 10000) in paragraph at lines 350--355

 []

<./../output/spreadsByxhilite.png, id=126, 670.505pt x 602.25pt>
File: ./../output/spreadsByxhilite.png Graphic file (type png)

<use ./../output/spreadsByxhilite.png>
Package pdftex.def Info: ./../output/spreadsByxhilite.png used on input line 35
8.
(pdftex.def)             Requested size: 341.43306pt x 306.67476pt.
 [20 <C:/Users/tcho/Dropbox/Project - Platform Competition/Code/DepthVolume/out
put/frames/filtered/Avg/NFLX/147.png (PNG copy)> <C:/Users/tcho/Dropbox/Project
 - Platform Competition/Code/DepthVolume/output/frames/filtered/Avg/TSLA/57.png
 (PNG copy)>] [21 <C:/Users/tcho/Dropbox/Project - Platform Competition/Code/De
pthVolume/output/bidSizebyx.png>]
Underfull \hbox (badness 10000) in paragraph at lines 363--373

 []


Underfull \hbox (badness 10000) in paragraph at lines 374--375

 []


Underfull \hbox (badness 10000) in paragraph at lines 376--377

 []

[22 <C:/Users/tcho/Dropbox/Project - Platform Competition/Code/DepthVolume/outp
ut/spreadsByxhilite.png>]
Overfull \hbox (8.86174pt too wide) in paragraph at lines 378--388
[][] 
 []


Underfull \hbox (badness 10000) in paragraph at lines 378--388

 []


Underfull \hbox (badness 10000) in paragraph at lines 389--390

 []

[23]
("C:\Users\tcho\Dropbox\Project - Platform Competition\Code\DepthVolume\tex\dep
thVolume.aux") ) 
Here is how much of TeX's memory you used:
 1353 strings out of 493921
 22491 string characters out of 3147286
 76321 words of memory out of 3000000
 4649 multiletter control sequences out of 15000+200000
 7895 words of font info for 28 fonts, out of 3000000 for 9000
 841 hyphenation exceptions out of 8191
 27i,10n,19p,970b,217s stack positions out of 5000i,500n,10000p,200000b,50000s
<C:/Program Files/MiKTeX 2.9/fonts/type1/public/amsfonts/cm/cmb
x10.pfb><C:/Program Files/MiKTeX 2.9/fonts/type1/public/amsfonts/cm/cmbx12.pfb>
<C:/Program Files/MiKTeX 2.9/fonts/type1/public/amsfonts/cm/cmex10.pfb><C:/Prog
ram Files/MiKTeX 2.9/fonts/type1/public/amsfonts/cm/cmmi10.pfb><C:/Program File
s/MiKTeX 2.9/fonts/type1/public/amsfonts/cm/cmmi7.pfb><C:/Program Files/MiKTeX 
2.9/fonts/type1/public/amsfonts/cm/cmr10.pfb><C:/Program Files/MiKTeX 2.9/fonts
/type1/public/amsfonts/cm/cmr12.pfb><C:/Program Files/MiKTeX 2.9/fonts/type1/pu
blic/amsfonts/cm/cmr17.pfb><C:/Program Files/MiKTeX 2.9/fonts/type1/public/amsf
onts/cm/cmr6.pfb><C:/Program Files/MiKTeX 2.9/fonts/type1/public/amsfonts/cm/cm
r7.pfb><C:/Program Files/MiKTeX 2.9/fonts/type1/public/amsfonts/cm/cmr8.pfb><C:
/Program Files/MiKTeX 2.9/fonts/type1/public/amsfonts/cm/cmsy10.pfb><C:/Program
 Files/MiKTeX 2.9/fonts/type1/public/amsfonts/cm/cmsy7.pfb>
Output written on depthVolume.pdf (23 pages, 7222797 bytes).
PDF statistics:
 182 PDF objects out of 1000 (max. 8388607)
 0 named destinations out of 1000 (max. 500000)
 141 words of extra memory for PDF output out of 10000 (max. 10000000)

